00 --> NOP
01 --> LD   BC,b2b1
02 --> LD   (BC),A
03 --> INC  BC
04 --> INC  B
05 --> DEC  B
06 --> LD   B,b1
07 --> RLCA 
08 --> *NOP
09 --> ADD  HL,BC
0A --> LD   A,(BC)
0B --> DEC  BC
0C --> INC  C
0D --> DEC  C
0E --> LD   C,b1
0F --> RRCA 
10 --> *NOP
11 --> LD   DE,b2b1
12 --> LD   (DE),A
13 --> INC  DE
14 --> INC  D
15 --> DEC  D
16 --> LD   D,b1
17 --> RAL  
18 --> *NOP
19 --> ADD  HL,DE
1A --> LD   A,(DE)
1B --> DEC  DE
1C --> INC  E
1D --> DEC  E
1E --> LD   E,b1
1F --> RAR
20 --> *NOP
21 --> LD   HL,b2b1
22 --> LD   (b2b1),HL
23 --> INC  HL
24 --> INC  H
25 --> DEC  H
26 --> LD   H,b1
27 --> DAA
28 --> *NOP
29 --> ADD  HL,HL
2A --> LD   HL,(b2b1)
2B --> DEC  HL
2C --> INC  L
2D --> DEC  L
2E --> LD   L,b1
2F --> CPL
30 --> *NOP
31 --> LD   SP,b2b1
32 --> LD   (b2b1),A
33 --> INC  SP
34 --> INC  (HL)
35 --> DEC  (HL)
36 --> LD   (HL),b1
37 --> SCF
38 --> *NOP
39 --> ADD  HL,SP
3A --> LD   A,(b2b1)
3B --> DEC  SP
3C --> INC  A
3D --> DEC  A
3E --> LD   A,b1
3F --> CPC
40 --> LD   B,B
41 --> LD   B,C
42 --> LD   B,D
43 --> LD   B,E
44 --> LD   B,H
45 --> LD   B,L
46 --> LD   B,(HL)
47 --> LD   B,A
48 --> LD   C,B
49 --> LD   C,C
4A --> LD   C,D
4B --> LD   C,E
4C --> LD   C,H
4D --> LD   C,L
4E --> LD   C,(HL)
4F --> LD   C,A
50 --> LD   D,B
51 --> LD   D,C
52 --> LD   D,D
53 --> LD   D,E
54 --> LD   D,H
55 --> LD   D,L
56 --> LD   D,(HL)
57 --> LD   D,A
58 --> LD   E,B
59 --> LD   E,C
5A --> LD   E,D
5B --> LD   E,E
5C --> LD   E,H
5D --> LD   E,L
5E --> LD   E,(HL)
5F --> LD   E,A
60 --> LD   H,B
61 --> LD   H,C
62 --> LD   H,D
63 --> LD   H,E
64 --> LD   H,H
65 --> LD   H,L
66 --> LD   H,(HL)
67 --> LD   H,A
68 --> LD   L,B
69 --> LD   L,C
6A --> LD   L,D
6B --> LD   L,E
6C --> LD   L,H
6D --> LD   L,L
6E --> LD   L,(HL)
6F --> LD   L,A
70 --> LD   (HL),B
71 --> LD   (HL),C
72 --> LD   (HL),D
73 --> LD   (HL),E
74 --> LD   (HL),H
75 --> LD   (HL),L
76 --> HLT
77 --> LD   (HL),A
78 --> LD   A,B
79 --> LD   A,C
7A --> LD   A,D
7B --> LD   A,E
7C --> LD   A,H
7D --> LD   A,L
7E --> LD   A,(HL)
7F --> LD   A,A
80 --> ADD  B
81 --> ADD  C
82 --> ADD  D
83 --> ADD  E
84 --> ADD  H
85 --> ADD  L
86 --> ADD  (HL)
87 --> ADD  A
88 --> ADC  B
89 --> ADC  C
8A --> ADC  D
8B --> ADC  E
8C --> ADC  H
8D --> ADC  L
8E --> ADC  (HL)
8F --> ADC  A
90 --> SUB  B
91 --> SUB  C
92 --> SUB  D
93 --> SUB  E
94 --> SUB  H
95 --> SUB  L
96 --> SUB  (HL)
97 --> SUB  A
98 --> SBC  B
99 --> SBC  C
9A --> SBC  D
9B --> SBC  E
9C --> SBC  H
9D --> SBC  L
9E --> SBC  (HL)
9F --> SBC  A
A0 --> AND  B
A1 --> AND  C
A2 --> AND  D
A3 --> AND  E
A4 --> AND  H
A5 --> AND  L
A6 --> AND  (HL)
A7 --> AND  A
A8 --> XOR  B
A9 --> XOR  C
AA --> XOR  D
AB --> XOR  E
AC --> XOR  H
AD --> XOR  L
AE --> XOR  (HL)
AF --> XOR  A
B0 --> OR   B
B1 --> OR   C
B2 --> OR   D
B3 --> OR   E
B4 --> OR   H
B5 --> OR   L
B6 --> OR   (HL)
B7 --> OR   A
B8 --> CP   B
B9 --> CP   C
BA --> CP   D
BB --> CP   E
BC --> CP   H
BD --> CP   L
BE --> CP   (HL)
BF --> CP   A
C0 --> RET  NZ
C1 --> POP  BC
C2 --> JP   NZ,b2b1
C3 --> JP   b2b1
C4 --> CALL NZ,b2b1
C5 --> PUSH BC
C6 --> ADD  b1
C7 --> RST  0
C8 --> RET  Z
C9 --> RET
CA --> JP   Z,b2b1
CB --> *JP  b2b1
CC --> CALL Z,b2b1
CD --> CALL b2b1
CE --> ADC  b1
CF --> RST  1
D0 --> RET  NC
D1 --> POP  DE
D2 --> JP   NC,b2b1
D3 --> OUT  b1
D4 --> CALL NC,b2b1
D5 --> PUSH DE
D6 --> SUB  b1
D7 --> RST  2
D8 --> RET  CY
D9 --> *RET
DA --> JP   CY,b2b1
DB --> IN   b1
DC --> CALL CY,b2b1
DD --> *CAL b2b1
DE --> SBC  b1
DF --> RST  3
E0 --> RET  PO
E1 --> POP  HL
E2 --> JP   PO,b2b1
E3 --> EX   (SP),HL
E4 --> CALL PO,b2b1
E5 --> PUSH HL
E6 --> AND  b1
E7 --> RST  4
E8 --> RET  PE
E9 --> JP   (HL)
EA --> JP   PE,b2b1
EB --> EX   DE,HL
EC --> CALL PE,b2b1
ED --> *CAL b2b1
EE --> XOR  b1
EF --> RST  5
F0 --> RET  P
F1 --> POP  PSW
F2 --> JP   P,b2b1
F3 --> DI
F4 --> CALL P,b2b1
F5 --> PUSH PSW
F6 --> OR   b1
F7 --> RST  6
F8 --> RET  MI
F9 --> LD   SP,HL
FA --> JP   MI,b2b1
FB --> EI
FC --> CALL MI,b2b1
FD --> *CAL b2b1
FE --> CP   b1
FF --> RST  7

implemented: 256, unimplemented 0
